<?xml version="1.0" encoding="UTF-8"?>
<!-- Generated by org.testng.reporters.JUnitReportReporter -->
<testsuite hostname="imran-PC" name="test.TestThreeTraking" tests="1" failures="0" timestamp="19 Jan 2016 21:04:33 GMT" time="8.886" errors="0">
  <testcase name="TrakingPackagetest" time="8.886" classname="test.TestThreeTraking"/>
</testsuite> <!-- test.TestThreeTraking -->
