<?xml version="1.0" encoding="UTF-8"?>
<!-- Generated by org.testng.reporters.JUnitReportReporter -->
<testsuite hostname="imran-PC" name="test.GetEsimatePrice" tests="1" failures="0" timestamp="3 Feb 2016 18:53:31 GMT" time="20.948" errors="0">
  <testcase name="calculatePrice" time="20.948" classname="test.GetEsimatePrice"/>
</testsuite> <!-- test.GetEsimatePrice -->
