<?xml version="1.0" encoding="UTF-8"?>
<!-- Generated by org.testng.reporters.JUnitReportReporter -->
<testsuite hostname="imran-PC" name="test.FindCityByZip" tests="1" failures="0" timestamp="6 Feb 2016 21:08:04 GMT" time="21.773" errors="0">
  <testcase name="cityByZip" time="21.773" classname="test.FindCityByZip"/>
</testsuite> <!-- test.FindCityByZip -->
