<?xml version="1.0" encoding="UTF-8"?>
<!-- Generated by org.testng.reporters.JUnitReportReporter -->
<testsuite hostname="imran-PC" name="test.BuyStampsTest" tests="1" failures="0" timestamp="7 Feb 2016 08:55:39 GMT" time="51.562" errors="0">
  <testcase name="stampFromPostalStore" time="51.562" classname="test.BuyStampsTest"/>
</testsuite> <!-- test.BuyStampsTest -->
