<?xml version="1.0" encoding="UTF-8"?>
<!-- Generated by org.testng.reporters.JUnitReportReporter -->
<testsuite hostname="imran-PC" name="test.FinduspsLoactionTest" tests="1" failures="0" timestamp="6 Feb 2016 22:42:50 GMT" time="26.794" errors="0">
  <testcase name="uspsLocation" time="26.794" classname="test.FinduspsLoactionTest"/>
</testsuite> <!-- test.FinduspsLoactionTest -->
