<?xml version="1.0" encoding="UTF-8"?>
<!-- Generated by org.testng.reporters.JUnitReportReporter -->
<testsuite hostname="imran-PC" name="test.TestTwoLogIn" tests="1" failures="0" timestamp="3 Feb 2016 01:53:22 GMT" time="12.804" errors="0">
  <testcase name="signInTest" time="12.804" classname="test.TestTwoLogIn"/>
</testsuite> <!-- test.TestTwoLogIn -->
