<?xml version="1.0" encoding="UTF-8"?>
<!-- Generated by org.testng.reporters.JUnitReportReporter -->
<testsuite hostname="imran-PC" name="test.FindZipByAddress" tests="1" failures="0" timestamp="6 Feb 2016 19:53:15 GMT" time="15.878" errors="0">
  <testcase name="byAddress" time="15.878" classname="test.FindZipByAddress"/>
</testsuite> <!-- test.FindZipByAddress -->
